<?xml version="1.0" encoding="UTF-8"?>
<testsuite xmlns:xsi="http://www.w3.org/2001/XMLSchema-instance" xsi:noNamespaceSchemaLocation="https://maven.apache.org/surefire/maven-surefire-plugin/xsd/surefire-test-report-3.0.xsd" version="3.0" name="microservizi.interfacciautente.InterfacciautenteTest" time="0.275" tests="8" errors="0" skipped="0" failures="1">
  <properties>
[...]
</properties>
  <testcase name="testTopicSconosciuto" classname="microservizi.interfacciautente.InterfacciautenteTest" time="0.036">
    <system-out><![CDATA[[DB] Database inizializzato: jdbc:sqlite:macchinetta_996_test.db
[InterfacciaUtente] Ricevuto: topic/sconosciuto → 123
[InterfacciaUtente] Topic non gestito: topic/sconosciuto
]]></system-out>
  </testcase>
  <testcase name="testGetPrezzoBevandaEsistente" classname="microservizi.interfacciautente.InterfacciautenteTest" time="0.031">
    <system-out><![CDATA[[DB] Database inizializzato: jdbc:sqlite:macchinetta_996_test.db
]]></system-out>
  </testcase>
  <testcase name="testGetPrezzoBevandaNonDisponibile" classname="microservizi.interfacciautente.InterfacciautenteTest" time="0.036">
    <system-out><![CDATA[[DB] Database inizializzato: jdbc:sqlite:macchinetta_996_test.db
]]></system-out>
  </testcase>
  <testcase name="testSelezionaBevandaInesistente" classname="microservizi.interfacciautente.InterfacciautenteTest" time="0.032">
    <system-out><![CDATA[[DB] Database inizializzato: jdbc:sqlite:macchinetta_996_test.db
]]></system-out>
  </testcase>
  <testcase name="testInizializzazioneParametri" classname="microservizi.interfacciautente.InterfacciautenteTest" time="0.031">
    <system-out><![CDATA[[DB] Database inizializzato: jdbc:sqlite:macchinetta_996_test.db
]]></system-out>
  </testcase>
  <testcase name="testGetBevandeFiltroDisponibile" classname="microservizi.interfacciautente.InterfacciautenteTest" time="0.039">
    <system-out><![CDATA[[DB] Database inizializzato: jdbc:sqlite:macchinetta_996_test.db
]]></system-out>
  </testcase>
  <testcase name="testPayloadMqttErratiMaStringa" classname="microservizi.interfacciautente.InterfacciautenteTest" time="0.032">
    <system-out><![CDATA[[DB] Database inizializzato: jdbc:sqlite:macchinetta_996_test.db
[InterfacciaUtente] Ricevuto: macchinetta/996/interfaccia/errore → testo di errore libero
[InterfacciaUtente] Ricevuto: macchinetta/996/interfaccia/bevandaErogata → Caffè lungo
[InterfacciaUtente] Ricevuto: macchinetta/996/interfaccia/espelliMoneta → 0.01
]]></system-out>
  </testcase>
  <testcase name="testBugSceltaRispostaEccezioniNonGestite" classname="microservizi.interfacciautente.InterfacciautenteTest" time="0.033">
    <failure message="L&apos;errore parsing del MQTT deve essere gestito e non lanciare eccezioni verso il chiamante ==&gt; Unexpected exception thrown: java.lang.NumberFormatException: For input string: &quot;non_un_numero&quot;" type="org.opentest4j.AssertionFailedError"><![CDATA[org.opentest4j.AssertionFailedError: L'errore parsing del MQTT deve essere gestito e non lanciare eccezioni verso il chiamante ==> Unexpected exception thrown: java.lang.NumberFormatException: For input string: "non_un_numero"
	at org.junit.jupiter.api.AssertionFailureBuilder.build(AssertionFailureBuilder.java:152)
	at org.junit.jupiter.api.AssertDoesNotThrow.createAssertionFailedError(AssertDoesNotThrow.java:84)
	at org.junit.jupiter.api.AssertDoesNotThrow.assertDoesNotThrow(AssertDoesNotThrow.java:53)
	at org.junit.jupiter.api.AssertDoesNotThrow.assertDoesNotThrow(AssertDoesNotThrow.java:40)
	at org.junit.jupiter.api.Assertions.assertDoesNotThrow(Assertions.java:3187)
	at microservizi.interfacciautente.InterfacciautenteTest.testBugSceltaRispostaEccezioniNonGestite(InterfacciautenteTest.java:93)
	at java.base/java.lang.reflect.Method.invoke(Method.java:580)
	at java.base/java.util.ArrayList.forEach(ArrayList.java:1596)
	at java.base/java.util.ArrayList.forEach(ArrayList.java:1596)
Caused by: java.lang.NumberFormatException: For input string: "non_un_numero"
	at java.base/jdk.internal.math.FloatingDecimal.readJavaFormatString(FloatingDecimal.java:2054)
	at java.base/jdk.internal.math.FloatingDecimal.parseDouble(FloatingDecimal.java:110)
	at java.base/java.lang.Double.parseDouble(Double.java:792)
	at microservizi.interfacciautente.Interfacciautente.sceltaRisposta(Interfacciautente.java:181)
	at microservizi.interfacciautente.InterfacciautenteTest.lambda$testBugSceltaRispostaEccezioniNonGestite$1(InterfacciautenteTest.java:94)
	at org.junit.jupiter.api.AssertDoesNotThrow.assertDoesNotThrow(AssertDoesNotThrow.java:49)
	... 6 more
]]></failure>
    <system-out><![CDATA[[DB] Database inizializzato: jdbc:sqlite:macchinetta_996_test.db
[InterfacciaUtente] Ricevuto: macchinetta/996/interfaccia/creditoInserito → non_un_numero
]]></system-out>
  </testcase>
</testsuite>