<?xml version="1.0" encoding="UTF-8"?>
<testsuite xmlns:xsi="http://www.w3.org/2001/XMLSchema-instance" xsi:noNamespaceSchemaLocation="https://maven.apache.org/surefire/maven-surefire-plugin/xsd/surefire-test-report-3.0.xsd" version="3.0" name="microservizi.cassa.CassaTest" time="0.81" tests="9" errors="0" skipped="0" failures="1">
  <properties>
[...]
</properties>
  <testcase name="testCassaPiena" classname="microservizi.cassa.CassaTest" time="0.414">
    <system-out><![CDATA[[DB] Database inizializzato: jdbc:sqlite:macchinetta_998_test.db
[Cassa] Inizializzata per macchinetta 998 (capacità: 20, mode: test)
[Cassa] DB aggiornato: totale = 0.0€
[Cassa] Cassa svuotata dal tecnico.
[Cassa] DB aggiornato: totale = 30.0€
]]></system-out>
    <system-err><![CDATA[SLF4J: Failed to load class "org.slf4j.impl.StaticLoggerBinder".
SLF4J: Defaulting to no-operation (NOP) logger implementation
SLF4J: See http://www.slf4j.org/codes.html#StaticLoggerBinder for further details.
]]></system-err>
  </testcase>
  <testcase name="testArrotondamentoInserimento" classname="microservizi.cassa.CassaTest" time="0.039">
    <system-out><![CDATA[[DB] Database inizializzato: jdbc:sqlite:macchinetta_998_test.db
[Cassa] Inizializzata per macchinetta 998 (capacità: 20, mode: test)
[Cassa] DB aggiornato: totale = 0.0€
[Cassa] Cassa svuotata dal tecnico.
[Cassa] Moneta inserita: 0.1€ | Totale temporaneo: 0.1€
[Cassa] Moneta inserita: 0.1€ | Totale temporaneo: 0.2€
[Cassa] Moneta inserita: 0.1€ | Totale temporaneo: 0.3€
[Cassa] Moneta inserita: 0.1€ | Totale temporaneo: 0.4€
[Cassa] Moneta inserita: 0.1€ | Totale temporaneo: 0.5€
[Cassa] Moneta inserita: 0.1€ | Totale temporaneo: 0.6€
[Cassa] Moneta inserita: 0.1€ | Totale temporaneo: 0.7€
[Cassa] Moneta inserita: 0.1€ | Totale temporaneo: 0.8€
[Cassa] Moneta inserita: 0.1€ | Totale temporaneo: 0.9€
[Cassa] Moneta inserita: 0.1€ | Totale temporaneo: 1.0€
]]></system-out>
  </testcase>
  <testcase name="testAcquistiMultipliEdAzzeramento" classname="microservizi.cassa.CassaTest" time="0.048">
    <system-out><![CDATA[[DB] Database inizializzato: jdbc:sqlite:macchinetta_998_test.db
[Cassa] Inizializzata per macchinetta 998 (capacità: 20, mode: test)
[Cassa] DB aggiornato: totale = 0.0€
[Cassa] Cassa svuotata dal tecnico.
[Cassa] DB aggiornato: totale = 0.5€
[Cassa] Resto calcolato: 4.5€ | Nuovo totale cassa: 0.5€
[Cassa] Controllo: credito=0.0€, prezzo=0.5€ → INSUFFICIENTE
]]></system-out>
  </testcase>
  <testcase name="testRidaiTutto" classname="microservizi.cassa.CassaTest" time="0.044">
    <system-out><![CDATA[[DB] Database inizializzato: jdbc:sqlite:macchinetta_998_test.db
[Cassa] Inizializzata per macchinetta 998 (capacità: 20, mode: test)
[Cassa] DB aggiornato: totale = 0.0€
[Cassa] Cassa svuotata dal tecnico.
[Cassa] Moneta inserita: 1.0€ | Totale temporaneo: 1.0€
[Cassa] Moneta inserita: 0.5€ | Totale temporaneo: 1.5€
[Cassa] Restituite monete: 1.5€
]]></system-out>
  </testcase>
  <testcase name="testAcquistoConRestozero" classname="microservizi.cassa.CassaTest" time="0.041">
    <system-out><![CDATA[[DB] Database inizializzato: jdbc:sqlite:macchinetta_998_test.db
[Cassa] Inizializzata per macchinetta 998 (capacità: 20, mode: test)
[Cassa] DB aggiornato: totale = 0.0€
[Cassa] Cassa svuotata dal tecnico.
[Cassa] Controllo: credito=0.5€, prezzo=0.5€ → OK
[Cassa] DB aggiornato: totale = 0.5€
[Cassa] Resto calcolato: 0.0€ | Nuovo totale cassa: 0.5€
]]></system-out>
  </testcase>
  <testcase name="testInserimentoMistoValideInvalide" classname="microservizi.cassa.CassaTest" time="0.035">
    <system-out><![CDATA[[DB] Database inizializzato: jdbc:sqlite:macchinetta_998_test.db
[Cassa] Inizializzata per macchinetta 998 (capacità: 20, mode: test)
[Cassa] DB aggiornato: totale = 0.0€
[Cassa] Cassa svuotata dal tecnico.
[Cassa] Moneta rifiutata: 0.01€ (non ammessa)
[Cassa] Moneta inserita: 1.0€ | Totale temporaneo: 1.0€
[Cassa] Moneta rifiutata: 3.0€ (non ammessa)
[Cassa] Moneta inserita: 0.5€ | Totale temporaneo: 1.5€
[Cassa] Moneta inserita: 0.05€ | Totale temporaneo: 1.55€
]]></system-out>
  </testcase>
  <testcase name="testTentativoAcquistoSenzaCreditoSufficienteChiamaDaiResto" classname="microservizi.cassa.CassaTest" time="0.042">
    <failure message="Il resto non può essere negativo, la transazione non dovrebbe avvenire ==&gt; expected: &lt;true&gt; but was: &lt;false&gt;" type="org.opentest4j.AssertionFailedError"><![CDATA[org.opentest4j.AssertionFailedError: Il resto non può essere negativo, la transazione non dovrebbe avvenire ==> expected: <true> but was: <false>
	at org.junit.jupiter.api.AssertionFailureBuilder.build(AssertionFailureBuilder.java:151)
	at org.junit.jupiter.api.AssertionFailureBuilder.buildAndThrow(AssertionFailureBuilder.java:132)
	at org.junit.jupiter.api.AssertTrue.failNotTrue(AssertTrue.java:63)
	at org.junit.jupiter.api.AssertTrue.assertTrue(AssertTrue.java:36)
	at org.junit.jupiter.api.Assertions.assertTrue(Assertions.java:214)
	at microservizi.cassa.CassaTest.testTentativoAcquistoSenzaCreditoSufficienteChiamaDaiResto(CassaTest.java:136)
	at java.base/java.lang.reflect.Method.invoke(Method.java:580)
	at java.base/java.util.ArrayList.forEach(ArrayList.java:1596)
	at java.base/java.util.ArrayList.forEach(ArrayList.java:1596)
]]></failure>
    <system-out><![CDATA[[DB] Database inizializzato: jdbc:sqlite:macchinetta_998_test.db
[Cassa] Inizializzata per macchinetta 998 (capacità: 20, mode: test)
[Cassa] DB aggiornato: totale = 0.0€
[Cassa] Cassa svuotata dal tecnico.
[Cassa] DB aggiornato: totale = 0.5€
[Cassa] Resto calcolato: -0.5€ | Nuovo totale cassa: 0.5€
]]></system-out>
  </testcase>
  <testcase name="testInizializzazione" classname="microservizi.cassa.CassaTest" time="0.093">
    <system-out><![CDATA[[DB] Database inizializzato: jdbc:sqlite:macchinetta_998_test.db
[Cassa] Inizializzata per macchinetta 998 (capacità: 20, mode: test)
[Cassa] DB aggiornato: totale = 0.0€
[Cassa] Cassa svuotata dal tecnico.
]]></system-out>
  </testcase>
  <testcase name="testTentativoAcquistoBevandaInesistente" classname="microservizi.cassa.CassaTest" time="0.035">
    <system-out><![CDATA[[DB] Database inizializzato: jdbc:sqlite:macchinetta_998_test.db
[Cassa] Inizializzata per macchinetta 998 (capacità: 20, mode: test)
[Cassa] DB aggiornato: totale = 0.0€
[Cassa] Cassa svuotata dal tecnico.
[Cassa] Moneta inserita: 2.0€ | Totale temporaneo: 2.0€
[Cassa] Bevanda 9999 non trovata.
]]></system-out>
  </testcase>
</testsuite>