<?xml version="1.0" encoding="UTF-8"?>
<testsuite xmlns:xsi="http://www.w3.org/2001/XMLSchema-instance" xsi:noNamespaceSchemaLocation="https://maven.apache.org/surefire/maven-surefire-plugin/xsd/surefire-test-report-3.0.xsd" version="3.0" name="microservizi.erogatore.ErogatoreTest" time="0.416" tests="9" errors="0" skipped="0" failures="3">
  <properties>
[...]
</properties>
  <testcase name="testAggiornaCialdeBevandeComposte" classname="microservizi.erogatore.ErogatoreTest" time="0.063">
    <system-out><![CDATA[[DB] Database inizializzato: jdbc:sqlite:macchinetta_997_test.db
[Erogatore] Inizializzato per macchinetta 997 | Cialde: {caffe=5, latte=5, the=5, cioccolata=5, zucchero=10, bicchieri=10}
[Erogatore] Cialde aggiornate dopo bevanda 4: {caffe=99, latte=100, the=100, cioccolata=99, zucchero=100, bicchieri=99}
[Erogatore] Cialde aggiornate dopo bevanda 5: {caffe=98, latte=99, the=100, cioccolata=99, zucchero=100, bicchieri=98}
]]></system-out>
  </testcase>
  <testcase name="testBugEsaurimentoIngredienteSecondarioMocaccino" classname="microservizi.erogatore.ErogatoreTest" time="0.043">
    <failure message="Il Mocaccino NON deve essere disponibile se manca il caffè! ==&gt; expected: &lt;false&gt; but was: &lt;true&gt;" type="org.opentest4j.AssertionFailedError"><![CDATA[org.opentest4j.AssertionFailedError: Il Mocaccino NON deve essere disponibile se manca il caffè! ==> expected: <false> but was: <true>
	at org.junit.jupiter.api.AssertionFailureBuilder.build(AssertionFailureBuilder.java:151)
	at org.junit.jupiter.api.AssertionFailureBuilder.buildAndThrow(AssertionFailureBuilder.java:132)
	at org.junit.jupiter.api.AssertFalse.failNotFalse(AssertFalse.java:63)
	at org.junit.jupiter.api.AssertFalse.assertFalse(AssertFalse.java:36)
	at org.junit.jupiter.api.Assertions.assertFalse(Assertions.java:239)
	at microservizi.erogatore.ErogatoreTest.testBugEsaurimentoIngredienteSecondarioMocaccino(ErogatoreTest.java:79)
	at java.base/java.lang.reflect.Method.invoke(Method.java:580)
	at java.base/java.util.ArrayList.forEach(ArrayList.java:1596)
	at java.base/java.util.ArrayList.forEach(ArrayList.java:1596)
]]></failure>
    <system-out><![CDATA[[DB] Database inizializzato: jdbc:sqlite:macchinetta_997_test.db
[Erogatore] Inizializzato per macchinetta 997 | Cialde: {caffe=5, latte=5, the=5, cioccolata=5, zucchero=10, bicchieri=10}
]]></system-out>
  </testcase>
  <testcase name="testAggiornaCialdeCaffeSemplice" classname="microservizi.erogatore.ErogatoreTest" time="0.043">
    <system-out><![CDATA[[DB] Database inizializzato: jdbc:sqlite:macchinetta_997_test.db
[Erogatore] Inizializzato per macchinetta 997 | Cialde: {caffe=5, latte=5, the=5, cioccolata=5, zucchero=10, bicchieri=10}
[Erogatore] Cialde aggiornate dopo bevanda 1: {caffe=99, latte=100, the=100, cioccolata=100, zucchero=98, bicchieri=99}
]]></system-out>
  </testcase>
  <testcase name="testBugErogazioneConZuccheroInsufficiente" classname="microservizi.erogatore.ErogatoreTest" time="0.047">
    <failure message="Lo zucchero non deve scendere in negativo ==&gt; expected: &lt;true&gt; but was: &lt;false&gt;" type="org.opentest4j.AssertionFailedError"><![CDATA[org.opentest4j.AssertionFailedError: Lo zucchero non deve scendere in negativo ==> expected: <true> but was: <false>
	at org.junit.jupiter.api.AssertionFailureBuilder.build(AssertionFailureBuilder.java:151)
	at org.junit.jupiter.api.AssertionFailureBuilder.buildAndThrow(AssertionFailureBuilder.java:132)
	at org.junit.jupiter.api.AssertTrue.failNotTrue(AssertTrue.java:63)
	at org.junit.jupiter.api.AssertTrue.assertTrue(AssertTrue.java:36)
	at org.junit.jupiter.api.Assertions.assertTrue(Assertions.java:214)
	at microservizi.erogatore.ErogatoreTest.testBugErogazioneConZuccheroInsufficiente(ErogatoreTest.java:104)
	at java.base/java.lang.reflect.Method.invoke(Method.java:580)
	at java.base/java.util.ArrayList.forEach(ArrayList.java:1596)
	at java.base/java.util.ArrayList.forEach(ArrayList.java:1596)
]]></failure>
    <system-out><![CDATA[[DB] Database inizializzato: jdbc:sqlite:macchinetta_997_test.db
[Erogatore] Inizializzato per macchinetta 997 | Cialde: {caffe=5, latte=5, the=5, cioccolata=5, zucchero=10, bicchieri=10}
[Erogatore] Cialde aggiornate dopo bevanda 1: {caffe=99, latte=100, the=100, cioccolata=100, zucchero=-4, bicchieri=99}
]]></system-out>
  </testcase>
  <testcase name="testControlloCialdeMultipliAllarmi" classname="microservizi.erogatore.ErogatoreTest" time="0.043">
    <system-out><![CDATA[[DB] Database inizializzato: jdbc:sqlite:macchinetta_997_test.db
[Erogatore] Inizializzato per macchinetta 997 | Cialde: {caffe=5, latte=5, the=5, cioccolata=5, zucchero=10, bicchieri=10}
]]></system-out>
  </testcase>
  <testcase name="testBugEsaurimentoIngredienteSecondarioMacchiato" classname="microservizi.erogatore.ErogatoreTest" time="0.055">
    <failure message="Il Caffè macchiato NON deve essere disponibile se manca il latte! ==&gt; expected: &lt;false&gt; but was: &lt;true&gt;" type="org.opentest4j.AssertionFailedError"><![CDATA[org.opentest4j.AssertionFailedError: Il Caffè macchiato NON deve essere disponibile se manca il latte! ==> expected: <false> but was: <true>
	at org.junit.jupiter.api.AssertionFailureBuilder.build(AssertionFailureBuilder.java:151)
	at org.junit.jupiter.api.AssertionFailureBuilder.buildAndThrow(AssertionFailureBuilder.java:132)
	at org.junit.jupiter.api.AssertFalse.failNotFalse(AssertFalse.java:63)
	at org.junit.jupiter.api.AssertFalse.assertFalse(AssertFalse.java:36)
	at org.junit.jupiter.api.Assertions.assertFalse(Assertions.java:239)
	at microservizi.erogatore.ErogatoreTest.testBugEsaurimentoIngredienteSecondarioMacchiato(ErogatoreTest.java:89)
	at java.base/java.lang.reflect.Method.invoke(Method.java:580)
	at java.base/java.util.ArrayList.forEach(ArrayList.java:1596)
	at java.base/java.util.ArrayList.forEach(ArrayList.java:1596)
]]></failure>
    <system-out><![CDATA[[DB] Database inizializzato: jdbc:sqlite:macchinetta_997_test.db
[Erogatore] Inizializzato per macchinetta 997 | Cialde: {caffe=5, latte=5, the=5, cioccolata=5, zucchero=10, bicchieri=10}
]]></system-out>
  </testcase>
  <testcase name="testInizializzazione" classname="microservizi.erogatore.ErogatoreTest" time="0.037">
    <system-out><![CDATA[[DB] Database inizializzato: jdbc:sqlite:macchinetta_997_test.db
[Erogatore] Inizializzato per macchinetta 997 | Cialde: {caffe=5, latte=5, the=5, cioccolata=5, zucchero=10, bicchieri=10}
]]></system-out>
  </testcase>
  <testcase name="testBevandaSingolaIngredienteDisponibile" classname="microservizi.erogatore.ErogatoreTest" time="0.037">
    <system-out><![CDATA[[DB] Database inizializzato: jdbc:sqlite:macchinetta_997_test.db
[Erogatore] Inizializzato per macchinetta 997 | Cialde: {caffe=5, latte=5, the=5, cioccolata=5, zucchero=10, bicchieri=10}
]]></system-out>
  </testcase>
  <testcase name="testEsaurimentoIngredientePrincipale" classname="microservizi.erogatore.ErogatoreTest" time="0.042">
    <system-out><![CDATA[[DB] Database inizializzato: jdbc:sqlite:macchinetta_997_test.db
[Erogatore] Inizializzato per macchinetta 997 | Cialde: {caffe=5, latte=5, the=5, cioccolata=5, zucchero=10, bicchieri=10}
]]></system-out>
  </testcase>
</testsuite>