<?xml version="1.0" encoding="UTF-8"?>
<testsuite xmlns:xsi="http://www.w3.org/2001/XMLSchema-instance" xsi:noNamespaceSchemaLocation="https://maven.apache.org/surefire/maven-surefire-plugin/xsd/surefire-test-report-3.0.xsd" version="3.0" name="microservizi.db.DBManagementTest" time="0.242" tests="5" errors="0" skipped="0" failures="0">
  <properties>
[...]
</properties>
  <testcase name="testDBInitializationAndStructure" classname="microservizi.db.DBManagementTest" time="0.036">
    <system-out><![CDATA[[DB] Database inizializzato: jdbc:sqlite:macchinetta_999_test.db
]]></system-out>
  </testcase>
  <testcase name="testConsistenzaCassa" classname="microservizi.db.DBManagementTest" time="0.038">
    <system-out><![CDATA[[DB] Database inizializzato: jdbc:sqlite:macchinetta_999_test.db
]]></system-out>
  </testcase>
  <testcase name="testReadDBLocalAsString" classname="microservizi.db.DBManagementTest" time="0.038">
    <system-out><![CDATA[[DB] Database inizializzato: jdbc:sqlite:macchinetta_999_test.db
]]></system-out>
  </testcase>
  <testcase name="testLetturaSimultaneaNonBloccante" classname="microservizi.db.DBManagementTest" time="0.098">
    <system-out><![CDATA[[DB] Database inizializzato: jdbc:sqlite:macchinetta_999_test.db
]]></system-out>
  </testcase>
  <testcase name="testConnectionIsNotNull" classname="microservizi.db.DBManagementTest" time="0.031">
    <system-out><![CDATA[[DB] Database inizializzato: jdbc:sqlite:macchinetta_999_test.db
]]></system-out>
  </testcase>
</testsuite>